[  589137ms] [ERROR] Error: Row index is out of range: 43182
    at Va.getCell (http://localhost:8501/static/js/main.ca9076db.js:2:822757)
    at http://localhost:8501/static/js/1164.a4b4fef5.chunk.js:1:28142
    at http://localhost:8501/static/js/7673.fbe65640.chunk.js:2:330260
    at http://localhost:8501/static/js/7673.fbe65640.chunk.js:2:334570
    at http://localhost:8501/static/js/7673.fbe65640.chunk.js:2:334721
    at Ms (http://localhost:8501/static/js/main.ca9076db.js:2:2308118)
    at Cl (http://localhost:8501/static/js/main.ca9076db.js:2:2325236)
    at t.unstable_runWithPriority (http://localhost:8501/static/js/main.ca9076db.js:2:3104636)
    at Ho (http://localhost:8501/static/js/main.ca9076db.js:2:2267054)
    at kl (http://localhost:8501/static/js/main.ca9076db.js:2:2321971) @ http://localhost:8501/static/js/main.ca9076db.js:1
[  589141ms] [ERROR] Error: Row index is out of range: 43182
    at Va.getCell (http://localhost:8501/static/js/main.ca9076db.js:2:822757)
    at http://localhost:8501/static/js/1164.a4b4fef5.chunk.js:1:28142
    at http://localhost:8501/static/js/7673.fbe65640.chunk.js:2:330260
    at http://localhost:8501/static/js/7673.fbe65640.chunk.js:2:334570
    at http://localhost:8501/static/js/7673.fbe65640.chunk.js:2:334721
    at Ms (http://localhost:8501/static/js/main.ca9076db.js:2:2308118)
    at Cl (http://localhost:8501/static/js/main.ca9076db.js:2:2325236)
    at t.unstable_runWithPriority (http://localhost:8501/static/js/main.ca9076db.js:2:3104636)
    at Ho (http://localhost:8501/static/js/main.ca9076db.js:2:2267054)
    at kl (http://localhost:8501/static/js/main.ca9076db.js:2:2321971) @ http://localhost:8501/static/js/main.ca9076db.js:1
[  589141ms] [ERROR] Error: Row index is out of range: 43182
    at Va.getCell (http://localhost:8501/static/js/main.ca9076db.js:2:822757)
    at http://localhost:8501/static/js/1164.a4b4fef5.chunk.js:1:28142
    at http://localhost:8501/static/js/7673.fbe65640.chunk.js:2:330260
    at http://localhost:8501/static/js/7673.fbe65640.chunk.js:2:334570
    at http://localhost:8501/static/js/7673.fbe65640.chunk.js:2:334721
    at Ms (http://localhost:8501/static/js/main.ca9076db.js:2:2308118)
    at Cl (http://localhost:8501/static/js/main.ca9076db.js:2:2325236)
    at t.unstable_runWithPriority (http://localhost:8501/static/js/main.ca9076db.js:2:3104636)
    at Ho (http://localhost:8501/static/js/main.ca9076db.js:2:2267054)
    at kl (http://localhost:8501/static/js/main.ca9076db.js:2:2321971) @ http://localhost:8501/static/js/main.ca9076db.js:1
[  589142ms] [ERROR] Error: Row index is out of range: 43182
    at Va.getCell (http://localhost:8501/static/js/main.ca9076db.js:2:822757)
    at http://localhost:8501/static/js/1164.a4b4fef5.chunk.js:1:28142
    at http://localhost:8501/static/js/7673.fbe65640.chunk.js:2:330260
    at http://localhost:8501/static/js/7673.fbe65640.chunk.js:2:334570
    at http://localhost:8501/static/js/7673.fbe65640.chunk.js:2:334721
    at Ms (http://localhost:8501/static/js/main.ca9076db.js:2:2308118)
    at Cl (http://localhost:8501/static/js/main.ca9076db.js:2:2325236)
    at t.unstable_runWithPriority (http://localhost:8501/static/js/main.ca9076db.js:2:3104636)
    at Ho (http://localhost:8501/static/js/main.ca9076db.js:2:2267054)
    at kl (http://localhost:8501/static/js/main.ca9076db.js:2:2321971) @ http://localhost:8501/static/js/main.ca9076db.js:1
[  589142ms] [ERROR] Error: Row index is out of range: 43182
    at Va.getCell (http://localhost:8501/static/js/main.ca9076db.js:2:822757)
    at http://localhost:8501/static/js/1164.a4b4fef5.chunk.js:1:28142
    at http://localhost:8501/static/js/7673.fbe65640.chunk.js:2:330260
    at http://localhost:8501/static/js/7673.fbe65640.chunk.js:2:334570
    at http://localhost:8501/static/js/7673.fbe65640.chunk.js:2:334721
    at Ms (http://localhost:8501/static/js/main.ca9076db.js:2:2308118)
    at Cl (http://localhost:8501/static/js/main.ca9076db.js:2:2325236)
    at t.unstable_runWithPriority (http://localhost:8501/static/js/main.ca9076db.js:2:3104636)
    at Ho (http://localhost:8501/static/js/main.ca9076db.js:2:2267054)
    at kl (http://localhost:8501/static/js/main.ca9076db.js:2:2321971) @ http://localhost:8501/static/js/main.ca9076db.js:1
[  589143ms] [ERROR] Error: Row index is out of range: 43182
    at Va.getCell (http://localhost:8501/static/js/main.ca9076db.js:2:822757)
    at http://localhost:8501/static/js/1164.a4b4fef5.chunk.js:1:28142
    at http://localhost:8501/static/js/7673.fbe65640.chunk.js:2:330260
    at http://localhost:8501/static/js/7673.fbe65640.chunk.js:2:334570
    at http://localhost:8501/static/js/7673.fbe65640.chunk.js:2:334721
    at Ms (http://localhost:8501/static/js/main.ca9076db.js:2:2308118)
    at Cl (http://localhost:8501/static/js/main.ca9076db.js:2:2325236)
    at t.unstable_runWithPriority (http://localhost:8501/static/js/main.ca9076db.js:2:3104636)
    at Ho (http://localhost:8501/static/js/main.ca9076db.js:2:2267054)
    at kl (http://localhost:8501/static/js/main.ca9076db.js:2:2321971) @ http://localhost:8501/static/js/main.ca9076db.js:1
[  589143ms] [ERROR] Error: Row index is out of range: 43182
    at Va.getCell (http://localhost:8501/static/js/main.ca9076db.js:2:822757)
    at http://localhost:8501/static/js/1164.a4b4fef5.chunk.js:1:28142
    at http://localhost:8501/static/js/7673.fbe65640.chunk.js:2:330260
    at http://localhost:8501/static/js/7673.fbe65640.chunk.js:2:334570
    at http://localhost:8501/static/js/7673.fbe65640.chunk.js:2:334721
    at Ms (http://localhost:8501/static/js/main.ca9076db.js:2:2308118)
    at Cl (http://localhost:8501/static/js/main.ca9076db.js:2:2325236)
    at t.unstable_runWithPriority (http://localhost:8501/static/js/main.ca9076db.js:2:3104636)
    at Ho (http://localhost:8501/static/js/main.ca9076db.js:2:2267054)
    at kl (http://localhost:8501/static/js/main.ca9076db.js:2:2321971) @ http://localhost:8501/static/js/main.ca9076db.js:1
[  589144ms] [ERROR] Error: Row index is out of range: 43182
    at Va.getCell (http://localhost:8501/static/js/main.ca9076db.js:2:822757)
    at http://localhost:8501/static/js/1164.a4b4fef5.chunk.js:1:28142
    at http://localhost:8501/static/js/7673.fbe65640.chunk.js:2:330260
    at http://localhost:8501/static/js/7673.fbe65640.chunk.js:2:334570
    at http://localhost:8501/static/js/7673.fbe65640.chunk.js:2:334721
    at Ms (http://localhost:8501/static/js/main.ca9076db.js:2:2308118)
    at Cl (http://localhost:8501/static/js/main.ca9076db.js:2:2325236)
    at t.unstable_runWithPriority (http://localhost:8501/static/js/main.ca9076db.js:2:3104636)
    at Ho (http://localhost:8501/static/js/main.ca9076db.js:2:2267054)
    at kl (http://localhost:8501/static/js/main.ca9076db.js:2:2321971) @ http://localhost:8501/static/js/main.ca9076db.js:1
[ 3002389ms] [ERROR] Error: Row index is out of range: 39009
    at Va.getCell (http://localhost:8501/static/js/main.ca9076db.js:2:822757)
    at http://localhost:8501/static/js/1164.a4b4fef5.chunk.js:1:28142
    at http://localhost:8501/static/js/7673.fbe65640.chunk.js:2:330260
    at http://localhost:8501/static/js/7673.fbe65640.chunk.js:2:334570
    at http://localhost:8501/static/js/7673.fbe65640.chunk.js:2:334721
    at Ms (http://localhost:8501/static/js/main.ca9076db.js:2:2308118)
    at Cl (http://localhost:8501/static/js/main.ca9076db.js:2:2325236)
    at t.unstable_runWithPriority (http://localhost:8501/static/js/main.ca9076db.js:2:3104636)
    at Ho (http://localhost:8501/static/js/main.ca9076db.js:2:2267054)
    at kl (http://localhost:8501/static/js/main.ca9076db.js:2:2321971) @ http://localhost:8501/static/js/main.ca9076db.js:1
[ 3002395ms] [ERROR] Error: Row index is out of range: 39009
    at Va.getCell (http://localhost:8501/static/js/main.ca9076db.js:2:822757)
    at http://localhost:8501/static/js/1164.a4b4fef5.chunk.js:1:28142
    at http://localhost:8501/static/js/7673.fbe65640.chunk.js:2:330260
    at http://localhost:8501/static/js/7673.fbe65640.chunk.js:2:334570
    at http://localhost:8501/static/js/7673.fbe65640.chunk.js:2:334721
    at Ms (http://localhost:8501/static/js/main.ca9076db.js:2:2308118)
    at Cl (http://localhost:8501/static/js/main.ca9076db.js:2:2325236)
    at t.unstable_runWithPriority (http://localhost:8501/static/js/main.ca9076db.js:2:3104636)
    at Ho (http://localhost:8501/static/js/main.ca9076db.js:2:2267054)
    at kl (http://localhost:8501/static/js/main.ca9076db.js:2:2321971) @ http://localhost:8501/static/js/main.ca9076db.js:1
[ 3002395ms] [ERROR] Error: Row index is out of range: 39009
    at Va.getCell (http://localhost:8501/static/js/main.ca9076db.js:2:822757)
    at http://localhost:8501/static/js/1164.a4b4fef5.chunk.js:1:28142
    at http://localhost:8501/static/js/7673.fbe65640.chunk.js:2:330260
    at http://localhost:8501/static/js/7673.fbe65640.chunk.js:2:334570
    at http://localhost:8501/static/js/7673.fbe65640.chunk.js:2:334721
    at Ms (http://localhost:8501/static/js/main.ca9076db.js:2:2308118)
    at Cl (http://localhost:8501/static/js/main.ca9076db.js:2:2325236)
    at t.unstable_runWithPriority (http://localhost:8501/static/js/main.ca9076db.js:2:3104636)
    at Ho (http://localhost:8501/static/js/main.ca9076db.js:2:2267054)
    at kl (http://localhost:8501/static/js/main.ca9076db.js:2:2321971) @ http://localhost:8501/static/js/main.ca9076db.js:1
[ 3002396ms] [ERROR] Error: Row index is out of range: 39009
    at Va.getCell (http://localhost:8501/static/js/main.ca9076db.js:2:822757)
    at http://localhost:8501/static/js/1164.a4b4fef5.chunk.js:1:28142
    at http://localhost:8501/static/js/7673.fbe65640.chunk.js:2:330260
    at http://localhost:8501/static/js/7673.fbe65640.chunk.js:2:334570
    at http://localhost:8501/static/js/7673.fbe65640.chunk.js:2:334721
    at Ms (http://localhost:8501/static/js/main.ca9076db.js:2:2308118)
    at Cl (http://localhost:8501/static/js/main.ca9076db.js:2:2325236)
    at t.unstable_runWithPriority (http://localhost:8501/static/js/main.ca9076db.js:2:3104636)
    at Ho (http://localhost:8501/static/js/main.ca9076db.js:2:2267054)
    at kl (http://localhost:8501/static/js/main.ca9076db.js:2:2321971) @ http://localhost:8501/static/js/main.ca9076db.js:1
[ 3002396ms] [ERROR] Error: Row index is out of range: 39009
    at Va.getCell (http://localhost:8501/static/js/main.ca9076db.js:2:822757)
    at http://localhost:8501/static/js/1164.a4b4fef5.chunk.js:1:28142
    at http://localhost:8501/static/js/7673.fbe65640.chunk.js:2:330260
    at http://localhost:8501/static/js/7673.fbe65640.chunk.js:2:334570
    at http://localhost:8501/static/js/7673.fbe65640.chunk.js:2:334721
    at Ms (http://localhost:8501/static/js/main.ca9076db.js:2:2308118)
    at Cl (http://localhost:8501/static/js/main.ca9076db.js:2:2325236)
    at t.unstable_runWithPriority (http://localhost:8501/static/js/main.ca9076db.js:2:3104636)
    at Ho (http://localhost:8501/static/js/main.ca9076db.js:2:2267054)
    at kl (http://localhost:8501/static/js/main.ca9076db.js:2:2321971) @ http://localhost:8501/static/js/main.ca9076db.js:1
[ 3002396ms] [ERROR] Error: Row index is out of range: 39009
    at Va.getCell (http://localhost:8501/static/js/main.ca9076db.js:2:822757)
    at http://localhost:8501/static/js/1164.a4b4fef5.chunk.js:1:28142
    at http://localhost:8501/static/js/7673.fbe65640.chunk.js:2:330260
    at http://localhost:8501/static/js/7673.fbe65640.chunk.js:2:334570
    at http://localhost:8501/static/js/7673.fbe65640.chunk.js:2:334721
    at Ms (http://localhost:8501/static/js/main.ca9076db.js:2:2308118)
    at Cl (http://localhost:8501/static/js/main.ca9076db.js:2:2325236)
    at t.unstable_runWithPriority (http://localhost:8501/static/js/main.ca9076db.js:2:3104636)
    at Ho (http://localhost:8501/static/js/main.ca9076db.js:2:2267054)
    at kl (http://localhost:8501/static/js/main.ca9076db.js:2:2321971) @ http://localhost:8501/static/js/main.ca9076db.js:1
[ 3002397ms] [ERROR] Error: Row index is out of range: 39009
    at Va.getCell (http://localhost:8501/static/js/main.ca9076db.js:2:822757)
    at http://localhost:8501/static/js/1164.a4b4fef5.chunk.js:1:28142
    at http://localhost:8501/static/js/7673.fbe65640.chunk.js:2:330260
    at http://localhost:8501/static/js/7673.fbe65640.chunk.js:2:334570
    at http://localhost:8501/static/js/7673.fbe65640.chunk.js:2:334721
    at Ms (http://localhost:8501/static/js/main.ca9076db.js:2:2308118)
    at Cl (http://localhost:8501/static/js/main.ca9076db.js:2:2325236)
    at t.unstable_runWithPriority (http://localhost:8501/static/js/main.ca9076db.js:2:3104636)
    at Ho (http://localhost:8501/static/js/main.ca9076db.js:2:2267054)
    at kl (http://localhost:8501/static/js/main.ca9076db.js:2:2321971) @ http://localhost:8501/static/js/main.ca9076db.js:1
[ 3002397ms] [ERROR] Error: Row index is out of range: 39009
    at Va.getCell (http://localhost:8501/static/js/main.ca9076db.js:2:822757)
    at http://localhost:8501/static/js/1164.a4b4fef5.chunk.js:1:28142
    at http://localhost:8501/static/js/7673.fbe65640.chunk.js:2:330260
    at http://localhost:8501/static/js/7673.fbe65640.chunk.js:2:334570
    at http://localhost:8501/static/js/7673.fbe65640.chunk.js:2:334721
    at Ms (http://localhost:8501/static/js/main.ca9076db.js:2:2308118)
    at Cl (http://localhost:8501/static/js/main.ca9076db.js:2:2325236)
    at t.unstable_runWithPriority (http://localhost:8501/static/js/main.ca9076db.js:2:3104636)
    at Ho (http://localhost:8501/static/js/main.ca9076db.js:2:2267054)
    at kl (http://localhost:8501/static/js/main.ca9076db.js:2:2321971) @ http://localhost:8501/static/js/main.ca9076db.js:1
